Analysis & Synthesis report for SoloMaster
Thu Nov 26 11:43:39 2015
Quartus II 64-Bit Version 15.0.0 Build 145 04/22/2015 Patches 0.01we SJ Web Edition


---------------------
; Table of Contents ;
---------------------
  1. Legal Notice
  2. Analysis & Synthesis Summary
  3. Analysis & Synthesis Settings
  4. Analysis & Synthesis Messages



----------------
; Legal Notice ;
----------------
Copyright (C) 1991-2015 Altera Corporation. All rights reserved.
Your use of Altera Corporation's design tools, logic functions 
and other software and tools, and its AMPP partner logic 
functions, and any output files from any of the foregoing 
(including device programming or simulation files), and any 
associated documentation or information are expressly subject 
to the terms and conditions of the Altera Program License 
Subscription Agreement, the Altera Quartus II License Agreement,
the Altera MegaCore Function License Agreement, or other 
applicable license agreement, including, without limitation, 
that your use is for the sole purpose of programming logic 
devices manufactured by Altera and sold by Altera or its 
authorized distributors.  Please refer to the applicable 
agreement for further details.



+-----------------------------------------------------------------------------------------+
; Analysis & Synthesis Summary                                                            ;
+-----------------------------+-----------------------------------------------------------+
; Analysis & Synthesis Status ; Failed - Thu Nov 26 11:43:39 2015                         ;
; Quartus II 64-Bit Version   ; 15.0.0 Build 145 04/22/2015 Patches 0.01we SJ Web Edition ;
; Revision Name               ; SoloMaster                                                ;
; Top-level Entity Name       ; SoloMaster                                                ;
; Family                      ; Cyclone V                                                 ;
; Logic utilization (in ALMs) ; N/A until Partition Merge                                 ;
; Total registers             ; N/A until Partition Merge                                 ;
; Total pins                  ; N/A until Partition Merge                                 ;
; Total virtual pins          ; N/A until Partition Merge                                 ;
; Total block memory bits     ; N/A until Partition Merge                                 ;
; Total PLLs                  ; N/A until Partition Merge                                 ;
; Total DLLs                  ; N/A until Partition Merge                                 ;
+-----------------------------+-----------------------------------------------------------+


+---------------------------------------------------------------------------------------------------------------------------+
; Analysis & Synthesis Settings                                                                                             ;
+---------------------------------------------------------------------------------+--------------------+--------------------+
; Option                                                                          ; Setting            ; Default Value      ;
+---------------------------------------------------------------------------------+--------------------+--------------------+
; Device                                                                          ; 5CSEMA5F31C6       ;                    ;
; Top-level entity name                                                           ; SoloMaster         ; SoloMaster         ;
; Family name                                                                     ; Cyclone V          ; Cyclone V          ;
; Use smart compilation                                                           ; Off                ; Off                ;
; Enable parallel Assembler and TimeQuest Timing Analyzer during compilation      ; On                 ; On                 ;
; Enable compact report table                                                     ; Off                ; Off                ;
; Restructure Multiplexers                                                        ; Auto               ; Auto               ;
; MLAB Add Timing Constraints For Mixed-Port Feed-Through Mode Setting Don't Care ; Off                ; Off                ;
; Create Debugging Nodes for IP Cores                                             ; Off                ; Off                ;
; Preserve fewer node names                                                       ; On                 ; On                 ;
; Disable OpenCore Plus hardware evaluation                                       ; Off                ; Off                ;
; Verilog Version                                                                 ; Verilog_2001       ; Verilog_2001       ;
; VHDL Version                                                                    ; VHDL_1993          ; VHDL_1993          ;
; State Machine Processing                                                        ; Auto               ; Auto               ;
; Safe State Machine                                                              ; Off                ; Off                ;
; Extract Verilog State Machines                                                  ; On                 ; On                 ;
; Extract VHDL State Machines                                                     ; On                 ; On                 ;
; Ignore Verilog initial constructs                                               ; Off                ; Off                ;
; Iteration limit for constant Verilog loops                                      ; 5000               ; 5000               ;
; Iteration limit for non-constant Verilog loops                                  ; 250                ; 250                ;
; Add Pass-Through Logic to Inferred RAMs                                         ; On                 ; On                 ;
; Infer RAMs from Raw Logic                                                       ; On                 ; On                 ;
; Parallel Synthesis                                                              ; On                 ; On                 ;
; DSP Block Balancing                                                             ; Auto               ; Auto               ;
; NOT Gate Push-Back                                                              ; On                 ; On                 ;
; Power-Up Don't Care                                                             ; On                 ; On                 ;
; Remove Redundant Logic Cells                                                    ; Off                ; Off                ;
; Remove Duplicate Registers                                                      ; On                 ; On                 ;
; Ignore CARRY Buffers                                                            ; Off                ; Off                ;
; Ignore CASCADE Buffers                                                          ; Off                ; Off                ;
; Ignore GLOBAL Buffers                                                           ; Off                ; Off                ;
; Ignore ROW GLOBAL Buffers                                                       ; Off                ; Off                ;
; Ignore LCELL Buffers                                                            ; Off                ; Off                ;
; Ignore SOFT Buffers                                                             ; On                 ; On                 ;
; Limit AHDL Integers to 32 Bits                                                  ; Off                ; Off                ;
; Optimization Technique                                                          ; Balanced           ; Balanced           ;
; Carry Chain Length                                                              ; 70                 ; 70                 ;
; Auto Carry Chains                                                               ; On                 ; On                 ;
; Auto Open-Drain Pins                                                            ; On                 ; On                 ;
; Perform WYSIWYG Primitive Resynthesis                                           ; Off                ; Off                ;
; Auto ROM Replacement                                                            ; On                 ; On                 ;
; Auto RAM Replacement                                                            ; On                 ; On                 ;
; Auto DSP Block Replacement                                                      ; On                 ; On                 ;
; Auto Shift Register Replacement                                                 ; Auto               ; Auto               ;
; Allow Shift Register Merging across Hierarchies                                 ; Auto               ; Auto               ;
; Auto Clock Enable Replacement                                                   ; On                 ; On                 ;
; Strict RAM Replacement                                                          ; Off                ; Off                ;
; Allow Synchronous Control Signals                                               ; On                 ; On                 ;
; Force Use of Synchronous Clear Signals                                          ; Off                ; Off                ;
; Auto Resource Sharing                                                           ; Off                ; Off                ;
; Allow Any RAM Size For Recognition                                              ; Off                ; Off                ;
; Allow Any ROM Size For Recognition                                              ; Off                ; Off                ;
; Allow Any Shift Register Size For Recognition                                   ; Off                ; Off                ;
; Use LogicLock Constraints during Resource Balancing                             ; On                 ; On                 ;
; Ignore translate_off and synthesis_off directives                               ; Off                ; Off                ;
; Timing-Driven Synthesis                                                         ; On                 ; On                 ;
; Report Parameter Settings                                                       ; On                 ; On                 ;
; Report Source Assignments                                                       ; On                 ; On                 ;
; Report Connectivity Checks                                                      ; On                 ; On                 ;
; Ignore Maximum Fan-Out Assignments                                              ; Off                ; Off                ;
; Synchronization Register Chain Length                                           ; 3                  ; 3                  ;
; PowerPlay Power Optimization During Synthesis                                   ; Normal compilation ; Normal compilation ;
; HDL message level                                                               ; Level2             ; Level2             ;
; Suppress Register Optimization Related Messages                                 ; Off                ; Off                ;
; Number of Removed Registers Reported in Synthesis Report                        ; 5000               ; 5000               ;
; Number of Swept Nodes Reported in Synthesis Report                              ; 5000               ; 5000               ;
; Number of Inverted Registers Reported in Synthesis Report                       ; 100                ; 100                ;
; Clock MUX Protection                                                            ; On                 ; On                 ;
; Auto Gated Clock Conversion                                                     ; Off                ; Off                ;
; Block Design Naming                                                             ; Auto               ; Auto               ;
; SDC constraint protection                                                       ; Off                ; Off                ;
; Synthesis Effort                                                                ; Auto               ; Auto               ;
; Shift Register Replacement - Allow Asynchronous Clear Signal                    ; On                 ; On                 ;
; Pre-Mapping Resynthesis Optimization                                            ; Off                ; Off                ;
; Analysis & Synthesis Message Level                                              ; Medium             ; Medium             ;
; Disable Register Merging Across Hierarchies                                     ; Auto               ; Auto               ;
; Resource Aware Inference For Block RAM                                          ; On                 ; On                 ;
; Synthesis Seed                                                                  ; 1                  ; 1                  ;
; Automatic Parallel Synthesis                                                    ; On                 ; On                 ;
; Partial Reconfiguration Bitstream ID                                            ; Off                ; Off                ;
+---------------------------------------------------------------------------------+--------------------+--------------------+


+-------------------------------+
; Analysis & Synthesis Messages ;
+-------------------------------+
Info: *******************************************************************
Info: Running Quartus II 64-Bit Analysis & Synthesis
    Info: Version 15.0.0 Build 145 04/22/2015 Patches 0.01we SJ Web Edition
    Info: Processing started: Thu Nov 26 11:43:11 2015
Info: Command: quartus_map --read_settings_files=on --write_settings_files=off SoloMaster -c SoloMaster
Warning (20028): Parallel compilation is not licensed and has been disabled
Error (10079): Verilog HDL syntax error at SoloMaster.v(7): illegal character in binary number File: /home/katherine/Documents/ECE241/ProjectSoloMaster/SoloMaster/SoloMaster.v Line: 7
Error (10079): Verilog HDL syntax error at SoloMaster.v(8): illegal character in binary number File: /home/katherine/Documents/ECE241/ProjectSoloMaster/SoloMaster/SoloMaster.v Line: 8
Error (10079): Verilog HDL syntax error at SoloMaster.v(9): illegal character in binary number File: /home/katherine/Documents/ECE241/ProjectSoloMaster/SoloMaster/SoloMaster.v Line: 9
Error (10079): Verilog HDL syntax error at SoloMaster.v(10): illegal character in binary number File: /home/katherine/Documents/ECE241/ProjectSoloMaster/SoloMaster/SoloMaster.v Line: 10
Error (10170): Verilog HDL syntax error at SoloMaster.v(27) near text "case";  expecting "endmodule" File: /home/katherine/Documents/ECE241/ProjectSoloMaster/SoloMaster/SoloMaster.v Line: 27
Error (10149): Verilog HDL Declaration error at SoloMaster.v(35): identifier "create_new_note" is already declared in the present scope File: /home/katherine/Documents/ECE241/ProjectSoloMaster/SoloMaster/SoloMaster.v Line: 35
Error (10149): Verilog HDL Declaration error at SoloMaster.v(42): identifier "stop" is already declared in the present scope File: /home/katherine/Documents/ECE241/ProjectSoloMaster/SoloMaster/SoloMaster.v Line: 42
Error (10112): Ignored design unit "song_generator" at SoloMaster.v(5) due to previous errors File: /home/katherine/Documents/ECE241/ProjectSoloMaster/SoloMaster/SoloMaster.v Line: 5
Error (10079): Verilog HDL syntax error at SoloMaster.v(93): illegal character in binary number File: /home/katherine/Documents/ECE241/ProjectSoloMaster/SoloMaster/SoloMaster.v Line: 93
Error (10079): Verilog HDL syntax error at SoloMaster.v(94): illegal character in binary number File: /home/katherine/Documents/ECE241/ProjectSoloMaster/SoloMaster/SoloMaster.v Line: 94
Error (10079): Verilog HDL syntax error at SoloMaster.v(95): illegal character in binary number File: /home/katherine/Documents/ECE241/ProjectSoloMaster/SoloMaster/SoloMaster.v Line: 95
Error (10079): Verilog HDL syntax error at SoloMaster.v(96): illegal character in binary number File: /home/katherine/Documents/ECE241/ProjectSoloMaster/SoloMaster/SoloMaster.v Line: 96
Error (10170): Verilog HDL syntax error at SoloMaster.v(96) near text "=";  expecting ".", or "(" File: /home/katherine/Documents/ECE241/ProjectSoloMaster/SoloMaster/SoloMaster.v Line: 96
Error (10149): Verilog HDL Declaration error at SoloMaster.v(96): identifier "D1" is already declared in the present scope File: /home/katherine/Documents/ECE241/ProjectSoloMaster/SoloMaster/SoloMaster.v Line: 96
Error (10149): Verilog HDL Declaration error at SoloMaster.v(96): identifier "B1" is already declared in the present scope File: /home/katherine/Documents/ECE241/ProjectSoloMaster/SoloMaster/SoloMaster.v Line: 96
Error (10149): Verilog HDL Declaration error at SoloMaster.v(96): identifier "Db2" is already declared in the present scope File: /home/katherine/Documents/ECE241/ProjectSoloMaster/SoloMaster/SoloMaster.v Line: 96
Error (10149): Verilog HDL Declaration error at SoloMaster.v(96): identifier "D2" is already declared in the present scope File: /home/katherine/Documents/ECE241/ProjectSoloMaster/SoloMaster/SoloMaster.v Line: 96
Error (10149): Verilog HDL Declaration error at SoloMaster.v(97): identifier "E2" is already declared in the present scope File: /home/katherine/Documents/ECE241/ProjectSoloMaster/SoloMaster/SoloMaster.v Line: 97
Error (10149): Verilog HDL Declaration error at SoloMaster.v(97): identifier "F2" is already declared in the present scope File: /home/katherine/Documents/ECE241/ProjectSoloMaster/SoloMaster/SoloMaster.v Line: 97
Error: Quartus II 64-Bit Analysis & Synthesis was unsuccessful. 19 errors, 1 warning
    Error: Peak virtual memory: 986 megabytes
    Error: Processing ended: Thu Nov 26 11:43:39 2015
    Error: Elapsed time: 00:00:28
    Error: Total CPU time (on all processors): 00:00:22


